This file contains any messages produced by compilers while
running configure, to aid debugging if configure makes a mistake.

It was created by mkdep configure noversion, which was
generated by GNU Autoconf 2.52.  Invocation command line was

  $ /Exports/Users/tmcintos/Development/NetBSD/src/tools/host-mkdep/configure --cache-file=config.cache

## ---------- ##
## Platform.  ##
## ---------- ##

hostname = alderaan.astro.net
uname -m = Power Macintosh
uname -r = 8.4.0
uname -s = Darwin
uname -v = Darwin Kernel Version 8.4.0: Tue Jan  3 18:22:10 PST 2006; root:xnu-792.6.56.obj~1/RELEASE_PPC

/usr/bin/uname -p = powerpc
/bin/uname -X     = unknown

/bin/arch              = unknown
/usr/bin/arch -k       = unknown
/usr/convex/getsysinfo = unknown
hostinfo               = Mach kernel version:
	 Darwin Kernel Version 8.4.0: Tue Jan  3 18:22:10 PST 2006; root:xnu-792.6.56.obj~1/RELEASE_PPC
Kernel configured for up to 4 processors.
4 processors are physically available.
Processor type: ppc970 (PowerPC 970)
Processors active: 0 1 2 3
Primary memory available: 2.00 gigabytes
Default processor set: 110 tasks, 303 threads, 4 processors
Load average: 1.56, Mach factor: 2.43
/bin/machine           = unknown
/usr/bin/oslevel       = unknown
/bin/universe          = unknown

PATH = /bin:/sbin:/usr/bin:/usr/sbin:/usr/local/bin:/Network/Users/tmcintos/bin/darwin-powerpc:/Network/Library/SML/bin

## ------------ ##
## Core tests.  ##
## ------------ ##

configure:843: creating cache config.cache
configure:914: PATH=".;."; conftest.sh
/Exports/Users/tmcintos/Development/NetBSD/src/tools/host-mkdep/configure: line 915: conftest.sh: command not found
configure:917: $? = 127
configure:928: checking for sh
configure:945: found /bin/sh
configure:956: result: /bin/sh
configure:975: checking for mawk
configure:1001: result: no
configure:975: checking for gawk
configure:1001: result: no
configure:975: checking for nawk
configure:1001: result: no
configure:975: checking for awk
configure:990: found /usr/bin/awk
configure:998: result: awk
configure:1051: checking for gcc
configure:1074: result: cc
configure:1302: checking for C compiler version
configure:1305: cc --version </dev/null >&5
powerpc-apple-darwin8-gcc-4.0.0 (GCC) 4.0.0 (Apple Computer, Inc. build 5026)
Copyright (C) 2005 Free Software Foundation, Inc.
This is free software; see the source for copying conditions.  There is NO
warranty; not even for MERCHANTABILITY or FITNESS FOR A PARTICULAR PURPOSE.

configure:1308: $? = 0
configure:1310: cc -v </dev/null >&5
Using built-in specs.
Target: powerpc-apple-darwin8
Configured with: /private/var/tmp/gcc/gcc-5026.obj~19/src/configure --disable-checking --prefix=/usr --mandir=/share/man --enable-languages=c,objc,c++,obj-c++ --program-transform-name=/^[cg][^+.-]*$/s/$/-4.0/ --with-gxx-include-dir=/include/gcc/darwin/4.0/c++ --build=powerpc-apple-darwin8 --host=powerpc-apple-darwin8 --target=powerpc-apple-darwin8
Thread model: posix
gcc version 4.0.0 (Apple Computer, Inc. build 5026)
configure:1313: $? = 0
configure:1315: cc -V </dev/null >&5
cc: argument to `-V' is missing
configure:1318: $? = 1
configure:1338: checking for C compiler default output
configure:1341: cc    conftest.c  >&5
configure:1344: $? = 0
configure:1373: result: a.out
configure:1378: checking whether the C compiler works
configure:1384: ./a.out
configure:1387: $? = 0
configure:1402: result: yes
configure:1409: checking whether we are cross compiling
configure:1411: result: no
configure:1414: checking for executable suffix
configure:1416: cc -o conftest    conftest.c  >&5
configure:1419: $? = 0
configure:1441: result: 
configure:1447: checking for object suffix
configure:1465: cc -c   conftest.c >&5
configure:1468: $? = 0
configure:1487: result: o
configure:1491: checking whether we are using the GNU C compiler
configure:1512: cc -c   conftest.c >&5
configure:1515: $? = 0
configure:1518: test -s conftest.o
configure:1521: $? = 0
configure:1533: result: yes
configure:1539: checking whether cc accepts -g
configure:1557: cc -c -g  conftest.c >&5
configure:1560: $? = 0
configure:1563: test -s conftest.o
configure:1566: $? = 0
configure:1576: result: yes
configure:1603: cc -c -g -O2  conftest.c >&5
conftest.c:2: error: parse error before 'me'
configure:1606: $? = 1
configure: failed program was:
#ifndef __cplusplus
  choke me
#endif
configure:1709: checking how to run the C preprocessor
configure:1735: cc -E  conftest.c
configure:1741: $? = 0
configure:1768: cc -E  conftest.c
configure:1765:28: error: ac_nonexistent.h: No such file or directory
configure:1774: $? = 1
configure: failed program was:
#line 1764 "configure"
#include "confdefs.h"
#include <ac_nonexistent.h>
configure:1811: result: cc -E
configure:1826: cc -E  conftest.c
configure:1832: $? = 0
configure:1859: cc -E  conftest.c
configure:1856:28: error: ac_nonexistent.h: No such file or directory
configure:1865: $? = 1
configure: failed program was:
#line 1855 "configure"
#include "confdefs.h"
#include <ac_nonexistent.h>
configure:2013: creating ./config.status

## ----------------------- ##
## Running config.status.  ##
## ----------------------- ##

This file was extended by config.status (mkdep noversion) 2.52, executed with
  CONFIG_FILES    = 
  CONFIG_HEADERS  = 
  CONFIG_LINKS    = 
  CONFIG_COMMANDS = 
  > ./config.status 
on alderaan.astro.net

config.status:2434: creating host-mkdep

## ----------------- ##
## Cache variables.  ##
## ----------------- ##

ac_cv_c_compiler_gnu=yes
ac_cv_env_CC_set=set
ac_cv_env_CC_value=cc
ac_cv_env_CFLAGS_set=
ac_cv_env_CFLAGS_value=
ac_cv_env_CPPFLAGS_set=
ac_cv_env_CPPFLAGS_value=
ac_cv_env_CPP_set=
ac_cv_env_CPP_value=
ac_cv_env_LDFLAGS_set=
ac_cv_env_LDFLAGS_value=
ac_cv_env_build_alias_set=
ac_cv_env_build_alias_value=
ac_cv_env_host_alias_set=
ac_cv_env_host_alias_value=
ac_cv_env_target_alias_set=
ac_cv_env_target_alias_value=
ac_cv_objext=o
ac_cv_path_BSHELL=/bin/sh
ac_cv_prog_AWK=awk
ac_cv_prog_CPP='cc -E'
ac_cv_prog_ac_ct_CC=cc
ac_cv_prog_cc_g=yes


configure: exit 0
