This file contains any messages produced by compilers while
running configure, to aid debugging if configure makes a mistake.

It was created by libnbcompat configure noversion, which was
generated by GNU Autoconf 2.59.  Invocation command line was

  $ /Exports/Users/tmcintos/Development/NetBSD/src/tools/compat/configure --cache-file=config.cache

## --------- ##
## Platform. ##
## --------- ##

hostname = alderaan.astro.net
uname -m = Power Macintosh
uname -r = 8.4.0
uname -s = Darwin
uname -v = Darwin Kernel Version 8.4.0: Tue Jan  3 18:22:10 PST 2006; root:xnu-792.6.56.obj~1/RELEASE_PPC

/usr/bin/uname -p = powerpc
/bin/uname -X     = unknown

/bin/arch              = unknown
/usr/bin/arch -k       = unknown
/usr/convex/getsysinfo = unknown
hostinfo               = Mach kernel version:
	 Darwin Kernel Version 8.4.0: Tue Jan  3 18:22:10 PST 2006; root:xnu-792.6.56.obj~1/RELEASE_PPC
Kernel configured for up to 4 processors.
4 processors are physically available.
Processor type: ppc970 (PowerPC 970)
Processors active: 0 1 2 3
Primary memory available: 2.00 gigabytes
Default processor set: 108 tasks, 301 threads, 4 processors
Load average: 1.34, Mach factor: 2.65
/bin/machine           = unknown
/usr/bin/oslevel       = unknown
/bin/universe          = unknown

PATH: /bin
PATH: /sbin
PATH: /usr/bin
PATH: /usr/sbin
PATH: /usr/local/bin
PATH: /Network/Users/tmcintos/bin/darwin-powerpc
PATH: /Network/Library/SML/bin


## ----------- ##
## Core tests. ##
## ----------- ##

configure:1213: creating cache config.cache
configure:1354: checking for gcc
configure:1380: result: cc
configure:1624: checking for C compiler version
configure:1627: cc --version </dev/null >&5
powerpc-apple-darwin8-gcc-4.0.0 (GCC) 4.0.0 (Apple Computer, Inc. build 5026)
Copyright (C) 2005 Free Software Foundation, Inc.
This is free software; see the source for copying conditions.  There is NO
warranty; not even for MERCHANTABILITY or FITNESS FOR A PARTICULAR PURPOSE.

configure:1630: $? = 0
configure:1632: cc -v </dev/null >&5
Using built-in specs.
Target: powerpc-apple-darwin8
Configured with: /private/var/tmp/gcc/gcc-5026.obj~19/src/configure --disable-checking --prefix=/usr --mandir=/share/man --enable-languages=c,objc,c++,obj-c++ --program-transform-name=/^[cg][^+.-]*$/s/$/-4.0/ --with-gxx-include-dir=/include/gcc/darwin/4.0/c++ --build=powerpc-apple-darwin8 --host=powerpc-apple-darwin8 --target=powerpc-apple-darwin8
Thread model: posix
gcc version 4.0.0 (Apple Computer, Inc. build 5026)
configure:1635: $? = 0
configure:1637: cc -V </dev/null >&5
cc: argument to `-V' is missing
configure:1640: $? = 1
configure:1663: checking for C compiler default output file name
configure:1666: cc -O   conftest.c  >&5
configure:1669: $? = 0
configure:1715: result: a.out
configure:1720: checking whether the C compiler works
configure:1726: ./a.out
configure:1729: $? = 0
configure:1746: result: yes
configure:1753: checking whether we are cross compiling
configure:1755: result: no
configure:1758: checking for suffix of executables
configure:1760: cc -o conftest -O   conftest.c  >&5
configure:1763: $? = 0
configure:1788: result: 
configure:1794: checking for suffix of object files
configure:1815: cc -c -O  conftest.c >&5
configure:1818: $? = 0
configure:1840: result: o
configure:1844: checking whether we are using the GNU C compiler
configure:1868: cc -c -O  conftest.c >&5
configure:1874: $? = 0
configure:1878: test -z 
			 || test ! -s conftest.err
configure:1881: $? = 0
configure:1884: test -s conftest.o
configure:1887: $? = 0
configure:1900: result: yes
configure:1906: checking whether cc accepts -g
configure:1927: cc -c -g  conftest.c >&5
configure:1933: $? = 0
configure:1937: test -z 
			 || test ! -s conftest.err
configure:1940: $? = 0
configure:1943: test -s conftest.o
configure:1946: $? = 0
configure:1957: result: yes
configure:1974: checking for cc option to accept ANSI C
configure:2044: cc  -c -O  conftest.c >&5
configure:2050: $? = 0
configure:2054: test -z 
			 || test ! -s conftest.err
configure:2057: $? = 0
configure:2060: test -s conftest.o
configure:2063: $? = 0
configure:2081: result: none needed
configure:2099: cc -c -O  conftest.c >&5
conftest.c:2: error: parse error before 'me'
configure:2105: $? = 1
configure: failed program was:
| #ifndef __cplusplus
|   choke me
| #endif
configure:2244: checking how to run the C preprocessor
configure:2279: cc -E  conftest.c
configure:2285: $? = 0
configure:2317: cc -E  conftest.c
conftest.c:9:28: error: ac_nonexistent.h: No such file or directory
configure:2323: $? = 1
configure: failed program was:
| /* confdefs.h.  */
| 
| #define PACKAGE_NAME "libnbcompat"
| #define PACKAGE_TARNAME "libnbcompat"
| #define PACKAGE_VERSION "noversion"
| #define PACKAGE_STRING "libnbcompat noversion"
| #define PACKAGE_BUGREPORT "lib-bug-people@NetBSD.org"
| /* end confdefs.h.  */
| #include <ac_nonexistent.h>
configure:2362: result: cc -E
configure:2386: cc -E  conftest.c
configure:2392: $? = 0
configure:2424: cc -E  conftest.c
conftest.c:9:28: error: ac_nonexistent.h: No such file or directory
configure:2430: $? = 1
configure: failed program was:
| /* confdefs.h.  */
| 
| #define PACKAGE_NAME "libnbcompat"
| #define PACKAGE_TARNAME "libnbcompat"
| #define PACKAGE_VERSION "noversion"
| #define PACKAGE_STRING "libnbcompat noversion"
| #define PACKAGE_BUGREPORT "lib-bug-people@NetBSD.org"
| /* end confdefs.h.  */
| #include <ac_nonexistent.h>
configure:2474: checking for egrep
configure:2484: result: grep -E
configure:2489: checking for NetBSD
configure:2517: result: no
configure:2525: checking for sh
configure:2543: found /bin/sh
configure:2555: result: /bin/sh
configure:2572: checking whether byte ordering is bigendian
configure:2599: cc -c -O  conftest.c >&5
configure:2605: $? = 0
configure:2609: test -z 
			 || test ! -s conftest.err
configure:2612: $? = 0
configure:2615: test -s conftest.o
configure:2618: $? = 0
configure:2642: cc -c -O  conftest.c >&5
configure:2648: $? = 0
configure:2652: test -z 
			 || test ! -s conftest.err
configure:2655: $? = 0
configure:2658: test -s conftest.o
configure:2661: $? = 0
configure:2783: result: yes
configure:2802: checking for ANSI C header files
configure:2827: cc -c -O  conftest.c >&5
configure:2833: $? = 0
configure:2837: test -z 
			 || test ! -s conftest.err
configure:2840: $? = 0
configure:2843: test -s conftest.o
configure:2846: $? = 0
configure:2932: cc -o conftest -O   conftest.c  >&5
conftest.c: In function 'main':
conftest.c:28: warning: incompatible implicit declaration of built-in function 'exit'
configure:2935: $? = 0
configure:2937: ./conftest
configure:2940: $? = 0
configure:2955: result: yes
configure:2983: checking for sys/types.h
configure:2999: cc -c -O  conftest.c >&5
configure:3005: $? = 0
configure:3009: test -z 
			 || test ! -s conftest.err
configure:3012: $? = 0
configure:3015: test -s conftest.o
configure:3018: $? = 0
configure:3029: result: yes
configure:2983: checking for sys/stat.h
configure:2999: cc -c -O  conftest.c >&5
configure:3005: $? = 0
configure:3009: test -z 
			 || test ! -s conftest.err
configure:3012: $? = 0
configure:3015: test -s conftest.o
configure:3018: $? = 0
configure:3029: result: yes
configure:2983: checking for stdlib.h
configure:2999: cc -c -O  conftest.c >&5
configure:3005: $? = 0
configure:3009: test -z 
			 || test ! -s conftest.err
configure:3012: $? = 0
configure:3015: test -s conftest.o
configure:3018: $? = 0
configure:3029: result: yes
configure:2983: checking for string.h
configure:2999: cc -c -O  conftest.c >&5
configure:3005: $? = 0
configure:3009: test -z 
			 || test ! -s conftest.err
configure:3012: $? = 0
configure:3015: test -s conftest.o
configure:3018: $? = 0
configure:3029: result: yes
configure:2983: checking for memory.h
configure:2999: cc -c -O  conftest.c >&5
configure:3005: $? = 0
configure:3009: test -z 
			 || test ! -s conftest.err
configure:3012: $? = 0
configure:3015: test -s conftest.o
configure:3018: $? = 0
configure:3029: result: yes
configure:2983: checking for strings.h
configure:2999: cc -c -O  conftest.c >&5
configure:3005: $? = 0
configure:3009: test -z 
			 || test ! -s conftest.err
configure:3012: $? = 0
configure:3015: test -s conftest.o
configure:3018: $? = 0
configure:3029: result: yes
configure:2983: checking for inttypes.h
configure:2999: cc -c -O  conftest.c >&5
configure:3005: $? = 0
configure:3009: test -z 
			 || test ! -s conftest.err
configure:3012: $? = 0
configure:3015: test -s conftest.o
configure:3018: $? = 0
configure:3029: result: yes
configure:2983: checking for stdint.h
configure:2999: cc -c -O  conftest.c >&5
configure:3005: $? = 0
configure:3009: test -z 
			 || test ! -s conftest.err
configure:3012: $? = 0
configure:3015: test -s conftest.o
configure:3018: $? = 0
configure:3029: result: yes
configure:2983: checking for unistd.h
configure:2999: cc -c -O  conftest.c >&5
configure:3005: $? = 0
configure:3009: test -z 
			 || test ! -s conftest.err
configure:3012: $? = 0
configure:3015: test -s conftest.o
configure:3018: $? = 0
configure:3029: result: yes
configure:3051: checking zlib.h usability
configure:3063: cc -c -O  conftest.c >&5
configure:3069: $? = 0
configure:3073: test -z 
			 || test ! -s conftest.err
configure:3076: $? = 0
configure:3079: test -s conftest.o
configure:3082: $? = 0
configure:3092: result: yes
configure:3096: checking zlib.h presence
configure:3106: cc -E  conftest.c
configure:3112: $? = 0
configure:3132: result: yes
configure:3167: checking for zlib.h
configure:3174: result: yes
configure:3188: checking for gzdopen in -lz
configure:3218: cc -o conftest -O   conftest.c -lz   >&5
configure:3224: $? = 0
configure:3228: test -z 
			 || test ! -s conftest.err
configure:3231: $? = 0
configure:3234: test -s conftest
configure:3237: $? = 0
configure:3250: result: yes
configure:3312: checking sys/ioctl.h usability
configure:3324: cc -c -O  conftest.c >&5
configure:3330: $? = 0
configure:3334: test -z 
			 || test ! -s conftest.err
configure:3337: $? = 0
configure:3340: test -s conftest.o
configure:3343: $? = 0
configure:3353: result: yes
configure:3357: checking sys/ioctl.h presence
configure:3367: cc -E  conftest.c
configure:3373: $? = 0
configure:3393: result: yes
configure:3428: checking for sys/ioctl.h
configure:3435: result: yes
configure:3312: checking sys/mman.h usability
configure:3324: cc -c -O  conftest.c >&5
configure:3330: $? = 0
configure:3334: test -z 
			 || test ! -s conftest.err
configure:3337: $? = 0
configure:3340: test -s conftest.o
configure:3343: $? = 0
configure:3353: result: yes
configure:3357: checking sys/mman.h presence
configure:3367: cc -E  conftest.c
configure:3373: $? = 0
configure:3393: result: yes
configure:3428: checking for sys/mman.h
configure:3435: result: yes
configure:3312: checking sys/mtio.h usability
configure:3324: cc -c -O  conftest.c >&5
configure:3330: $? = 0
configure:3334: test -z 
			 || test ! -s conftest.err
configure:3337: $? = 0
configure:3340: test -s conftest.o
configure:3343: $? = 0
configure:3353: result: yes
configure:3357: checking sys/mtio.h presence
configure:3367: cc -E  conftest.c
configure:3373: $? = 0
configure:3393: result: yes
configure:3428: checking for sys/mtio.h
configure:3435: result: yes
configure:3312: checking sys/param.h usability
configure:3324: cc -c -O  conftest.c >&5
configure:3330: $? = 0
configure:3334: test -z 
			 || test ! -s conftest.err
configure:3337: $? = 0
configure:3340: test -s conftest.o
configure:3343: $? = 0
configure:3353: result: yes
configure:3357: checking sys/param.h presence
configure:3367: cc -E  conftest.c
configure:3373: $? = 0
configure:3393: result: yes
configure:3428: checking for sys/param.h
configure:3435: result: yes
configure:3312: checking sys/socket.h usability
configure:3324: cc -c -O  conftest.c >&5
configure:3330: $? = 0
configure:3334: test -z 
			 || test ! -s conftest.err
configure:3337: $? = 0
configure:3340: test -s conftest.o
configure:3343: $? = 0
configure:3353: result: yes
configure:3357: checking sys/socket.h presence
configure:3367: cc -E  conftest.c
configure:3373: $? = 0
configure:3393: result: yes
configure:3428: checking for sys/socket.h
configure:3435: result: yes
configure:3303: checking for sys/stat.h
configure:3308: result: yes
configure:3312: checking sys/time.h usability
configure:3324: cc -c -O  conftest.c >&5
configure:3330: $? = 0
configure:3334: test -z 
			 || test ! -s conftest.err
configure:3337: $? = 0
configure:3340: test -s conftest.o
configure:3343: $? = 0
configure:3353: result: yes
configure:3357: checking sys/time.h presence
configure:3367: cc -E  conftest.c
configure:3373: $? = 0
configure:3393: result: yes
configure:3428: checking for sys/time.h
configure:3435: result: yes
configure:3303: checking for sys/types.h
configure:3308: result: yes
configure:3312: checking sys/utsname.h usability
configure:3324: cc -c -O  conftest.c >&5
configure:3330: $? = 0
configure:3334: test -z 
			 || test ! -s conftest.err
configure:3337: $? = 0
configure:3340: test -s conftest.o
configure:3343: $? = 0
configure:3353: result: yes
configure:3357: checking sys/utsname.h presence
configure:3367: cc -E  conftest.c
configure:3373: $? = 0
configure:3393: result: yes
configure:3428: checking for sys/utsname.h
configure:3435: result: yes
configure:3312: checking sys/wait.h usability
configure:3324: cc -c -O  conftest.c >&5
configure:3330: $? = 0
configure:3334: test -z 
			 || test ! -s conftest.err
configure:3337: $? = 0
configure:3340: test -s conftest.o
configure:3343: $? = 0
configure:3353: result: yes
configure:3357: checking sys/wait.h presence
configure:3367: cc -E  conftest.c
configure:3373: $? = 0
configure:3393: result: yes
configure:3428: checking for sys/wait.h
configure:3435: result: yes
configure:3312: checking assert.h usability
configure:3324: cc -c -O  conftest.c >&5
configure:3330: $? = 0
configure:3334: test -z 
			 || test ! -s conftest.err
configure:3337: $? = 0
configure:3340: test -s conftest.o
configure:3343: $? = 0
configure:3353: result: yes
configure:3357: checking assert.h presence
configure:3367: cc -E  conftest.c
configure:3373: $? = 0
configure:3393: result: yes
configure:3428: checking for assert.h
configure:3435: result: yes
configure:3312: checking ctype.h usability
configure:3324: cc -c -O  conftest.c >&5
configure:3330: $? = 0
configure:3334: test -z 
			 || test ! -s conftest.err
configure:3337: $? = 0
configure:3340: test -s conftest.o
configure:3343: $? = 0
configure:3353: result: yes
configure:3357: checking ctype.h presence
configure:3367: cc -E  conftest.c
configure:3373: $? = 0
configure:3393: result: yes
configure:3428: checking for ctype.h
configure:3435: result: yes
configure:3312: checking errno.h usability
configure:3324: cc -c -O  conftest.c >&5
configure:3330: $? = 0
configure:3334: test -z 
			 || test ! -s conftest.err
configure:3337: $? = 0
configure:3340: test -s conftest.o
configure:3343: $? = 0
configure:3353: result: yes
configure:3357: checking errno.h presence
configure:3367: cc -E  conftest.c
configure:3373: $? = 0
configure:3393: result: yes
configure:3428: checking for errno.h
configure:3435: result: yes
configure:3312: checking fcntl.h usability
configure:3324: cc -c -O  conftest.c >&5
configure:3330: $? = 0
configure:3334: test -z 
			 || test ! -s conftest.err
configure:3337: $? = 0
configure:3340: test -s conftest.o
configure:3343: $? = 0
configure:3353: result: yes
configure:3357: checking fcntl.h presence
configure:3367: cc -E  conftest.c
configure:3373: $? = 0
configure:3393: result: yes
configure:3428: checking for fcntl.h
configure:3435: result: yes
configure:3312: checking grp.h usability
configure:3324: cc -c -O  conftest.c >&5
configure:3330: $? = 0
configure:3334: test -z 
			 || test ! -s conftest.err
configure:3337: $? = 0
configure:3340: test -s conftest.o
configure:3343: $? = 0
configure:3353: result: yes
configure:3357: checking grp.h presence
configure:3367: cc -E  conftest.c
configure:3373: $? = 0
configure:3393: result: yes
configure:3428: checking for grp.h
configure:3435: result: yes
configure:3312: checking limits.h usability
configure:3324: cc -c -O  conftest.c >&5
configure:3330: $? = 0
configure:3334: test -z 
			 || test ! -s conftest.err
configure:3337: $? = 0
configure:3340: test -s conftest.o
configure:3343: $? = 0
configure:3353: result: yes
configure:3357: checking limits.h presence
configure:3367: cc -E  conftest.c
configure:3373: $? = 0
configure:3393: result: yes
configure:3428: checking for limits.h
configure:3435: result: yes
configure:3312: checking locale.h usability
configure:3324: cc -c -O  conftest.c >&5
configure:3330: $? = 0
configure:3334: test -z 
			 || test ! -s conftest.err
configure:3337: $? = 0
configure:3340: test -s conftest.o
configure:3343: $? = 0
configure:3353: result: yes
configure:3357: checking locale.h presence
configure:3367: cc -E  conftest.c
configure:3373: $? = 0
configure:3393: result: yes
configure:3428: checking for locale.h
configure:3435: result: yes
configure:3312: checking netdb.h usability
configure:3324: cc -c -O  conftest.c >&5
configure:3330: $? = 0
configure:3334: test -z 
			 || test ! -s conftest.err
configure:3337: $? = 0
configure:3340: test -s conftest.o
configure:3343: $? = 0
configure:3353: result: yes
configure:3357: checking netdb.h presence
configure:3367: cc -E  conftest.c
configure:3373: $? = 0
configure:3393: result: yes
configure:3428: checking for netdb.h
configure:3435: result: yes
configure:3312: checking pwd.h usability
configure:3324: cc -c -O  conftest.c >&5
configure:3330: $? = 0
configure:3334: test -z 
			 || test ! -s conftest.err
configure:3337: $? = 0
configure:3340: test -s conftest.o
configure:3343: $? = 0
configure:3353: result: yes
configure:3357: checking pwd.h presence
configure:3367: cc -E  conftest.c
configure:3373: $? = 0
configure:3393: result: yes
configure:3428: checking for pwd.h
configure:3435: result: yes
configure:3312: checking signal.h usability
configure:3324: cc -c -O  conftest.c >&5
configure:3330: $? = 0
configure:3334: test -z 
			 || test ! -s conftest.err
configure:3337: $? = 0
configure:3340: test -s conftest.o
configure:3343: $? = 0
configure:3353: result: yes
configure:3357: checking signal.h presence
configure:3367: cc -E  conftest.c
configure:3373: $? = 0
configure:3393: result: yes
configure:3428: checking for signal.h
configure:3435: result: yes
configure:3312: checking stdarg.h usability
configure:3324: cc -c -O  conftest.c >&5
configure:3330: $? = 0
configure:3334: test -z 
			 || test ! -s conftest.err
configure:3337: $? = 0
configure:3340: test -s conftest.o
configure:3343: $? = 0
configure:3353: result: yes
configure:3357: checking stdarg.h presence
configure:3367: cc -E  conftest.c
configure:3373: $? = 0
configure:3393: result: yes
configure:3428: checking for stdarg.h
configure:3435: result: yes
configure:3312: checking stdio.h usability

## ---------------- ##
## Cache variables. ##
## ---------------- ##

ac_cv_c_bigendian=yes
ac_cv_c_compiler_gnu=yes
ac_cv_env_CC_set=set
ac_cv_env_CC_value=cc
ac_cv_env_CFLAGS_set=set
ac_cv_env_CFLAGS_value=-O
ac_cv_env_CPPFLAGS_set=
ac_cv_env_CPPFLAGS_value=
ac_cv_env_CPP_set=
ac_cv_env_CPP_value=
ac_cv_env_LDFLAGS_set=set
ac_cv_env_LDFLAGS_value=
ac_cv_env_build_alias_set=
ac_cv_env_build_alias_value=
ac_cv_env_host_alias_set=
ac_cv_env_host_alias_value=
ac_cv_env_target_alias_set=
ac_cv_env_target_alias_value=
ac_cv_exeext=
ac_cv_header_assert_h=yes
ac_cv_header_ctype_h=yes
ac_cv_header_errno_h=yes
ac_cv_header_fcntl_h=yes
ac_cv_header_grp_h=yes
ac_cv_header_inttypes_h=yes
ac_cv_header_limits_h=yes
ac_cv_header_locale_h=yes
ac_cv_header_memory_h=yes
ac_cv_header_netdb_h=yes
ac_cv_header_pwd_h=yes
ac_cv_header_signal_h=yes
ac_cv_header_stdarg_h=yes
ac_cv_header_stdc=yes
ac_cv_header_stdint_h=yes
ac_cv_header_stdlib_h=yes
ac_cv_header_string_h=yes
ac_cv_header_strings_h=yes
ac_cv_header_sys_ioctl_h=yes
ac_cv_header_sys_mman_h=yes
ac_cv_header_sys_mtio_h=yes
ac_cv_header_sys_param_h=yes
ac_cv_header_sys_socket_h=yes
ac_cv_header_sys_stat_h=yes
ac_cv_header_sys_time_h=yes
ac_cv_header_sys_types_h=yes
ac_cv_header_sys_utsname_h=yes
ac_cv_header_sys_wait_h=yes
ac_cv_header_unistd_h=yes
ac_cv_header_zlib_h=yes
ac_cv_lib_z_gzdopen=yes
ac_cv_objext=o
ac_cv_path_BSHELL=/bin/sh
ac_cv_prog_CPP='cc -E'
ac_cv_prog_ac_ct_CC=cc
ac_cv_prog_cc_g=yes
ac_cv_prog_cc_stdc=
ac_cv_prog_egrep='grep -E'

## ----------------- ##
## Output variables. ##
## ----------------- ##

ALLOCA=''
BSHELL='/bin/sh'
CC='cc'
CFLAGS='-O'
CPP='cc -E'
CPPFLAGS=''
DEFS=''
ECHO_C=''
ECHO_N='-n'
ECHO_T=''
EGREP='grep -E'
EXEEXT=''
LDFLAGS=''
LIBOBJS=''
LIBS='-lz '
LTLIBOBJS=''
OBJEXT='o'
PACKAGE_BUGREPORT='lib-bug-people@NetBSD.org'
PACKAGE_NAME='libnbcompat'
PACKAGE_STRING='libnbcompat noversion'
PACKAGE_TARNAME='libnbcompat'
PACKAGE_VERSION='noversion'
PATH_SEPARATOR=':'
SHELL='/bin/sh'
ac_ct_CC='cc'
bindir='${exec_prefix}/bin'
build_alias=''
datadir='${prefix}/share'
exec_prefix='NONE'
host_alias=''
includedir='${prefix}/include'
infodir='${prefix}/info'
libdir='${exec_prefix}/lib'
libexecdir='${exec_prefix}/libexec'
localstatedir='${prefix}/var'
mandir='${prefix}/man'
oldincludedir='/usr/include'
prefix='NONE'
program_transform_name='s,x,x,'
sbindir='${exec_prefix}/sbin'
sharedstatedir='${prefix}/com'
sysconfdir='${prefix}/etc'
target_alias=''

## ----------- ##
## confdefs.h. ##
## ----------- ##

#define HAVE_ASSERT_H 1
#define HAVE_CTYPE_H 1
#define HAVE_ERRNO_H 1
#define HAVE_FCNTL_H 1
#define HAVE_GRP_H 1
#define HAVE_INTTYPES_H 1
#define HAVE_LIBZ 1
#define HAVE_LIMITS_H 1
#define HAVE_LOCALE_H 1
#define HAVE_MEMORY_H 1
#define HAVE_NETDB_H 1
#define HAVE_PWD_H 1
#define HAVE_SIGNAL_H 1
#define HAVE_STDARG_H 1
#define HAVE_STDINT_H 1
#define HAVE_STDLIB_H 1
#define HAVE_STRINGS_H 1
#define HAVE_STRING_H 1
#define HAVE_SYS_IOCTL_H 1
#define HAVE_SYS_MMAN_H 1
#define HAVE_SYS_MTIO_H 1
#define HAVE_SYS_PARAM_H 1
#define HAVE_SYS_SOCKET_H 1
#define HAVE_SYS_STAT_H 1
#define HAVE_SYS_STAT_H 1
#define HAVE_SYS_TIME_H 1
#define HAVE_SYS_TYPES_H 1
#define HAVE_SYS_TYPES_H 1
#define HAVE_SYS_UTSNAME_H 1
#define HAVE_SYS_WAIT_H 1
#define HAVE_UNISTD_H 1
#define PACKAGE_BUGREPORT "lib-bug-people@NetBSD.org"
#define PACKAGE_NAME "libnbcompat"
#define PACKAGE_STRING "libnbcompat noversion"
#define PACKAGE_TARNAME "libnbcompat"
#define PACKAGE_VERSION "noversion"
#define PATH_BSHELL "/bin/sh"
#define STDC_HEADERS 1
#define WORDS_BIGENDIAN 1

configure: caught signal 2
configure: exit 1
